  main.cpp
D:\VSProj\Lab09\Lab09\main.cpp(80,16): warning C4244: 'initializing': conversion from 'double' to 'float', possible loss of data
D:\VSProj\Lab09\Lab09\main.cpp(81,16): warning C4244: 'initializing': conversion from 'double' to 'float', possible loss of data
D:\VSProj\Lab09\Lab09\main.cpp(179,14): warning C4244: '=': conversion from 'double' to 'float', possible loss of data
D:\VSProj\Lab09\Lab09\main.cpp(180,14): warning C4244: '=': conversion from 'double' to 'float', possible loss of data
D:\VSProj\Lab09\Lab09\main.cpp(184,10): warning C4244: 'initializing': conversion from 'double' to 'float', possible loss of data
D:\VSProj\Lab09\Lab09\main.cpp(185,10): warning C4244: 'initializing': conversion from 'double' to 'float', possible loss of data
D:\VSProj\Lab09\Lab09\main.cpp(186,13): warning C4244: '=': conversion from 'double' to 'float', possible loss of data
D:\VSProj\Lab09\Lab09\main.cpp(187,13): warning C4244: '=': conversion from 'double' to 'float', possible loss of data
D:\VSProj\Lab09\Lab09\main.cpp(320,33): warning C4305: 'argument': truncation from 'double' to 'GLclampf'
D:\VSProj\Lab09\Lab09\main.cpp(427,16): warning C4244: 'initializing': conversion from 'double' to 'float', possible loss of data
  Generating code
  1 of 1663 functions (<0.1%) were compiled, the rest were copied from previous compilation.
    0 functions were new in current compilation
    12 functions had inline decision re-evaluated but remain unchanged
  Finished generating code
LINK : warning LNK4286: symbol '__glewGenBuffers' defined in 'libglew32.lib(glew.obj)' is imported by 'Mesh.obj'
LINK : warning LNK4286: symbol '__glewGenVertexArrays' defined in 'libglew32.lib(glew.obj)' is imported by 'Mesh.obj'
LINK : warning LNK4286: symbol '__glewActiveTexture' defined in 'libglew32.lib(glew.obj)' is imported by 'Mesh.obj'
LINK : warning LNK4286: symbol '__glewBufferData' defined in 'libglew32.lib(glew.obj)' is imported by 'Mesh.obj'
LINK : warning LNK4286: symbol '__glewGetUniformLocation' defined in 'libglew32.lib(glew.obj)' is imported by 'Mesh.obj'
LINK : warning LNK4286: symbol '__glewUniform1i' defined in 'libglew32.lib(glew.obj)' is imported by 'Mesh.obj'
LINK : warning LNK4286: symbol '__glewBindBuffer' defined in 'libglew32.lib(glew.obj)' is imported by 'Mesh.obj'
LINK : warning LNK4286: symbol '__glewVertexAttribPointer' defined in 'libglew32.lib(glew.obj)' is imported by 'Mesh.obj'
LINK : warning LNK4286: symbol '__glewBindVertexArray' defined in 'libglew32.lib(glew.obj)' is imported by 'Mesh.obj'
LINK : warning LNK4286: symbol '__glewEnableVertexAttribArray' defined in 'libglew32.lib(glew.obj)' is imported by 'Mesh.obj'
LINK : warning LNK4286: symbol '__glewDeleteBuffers' defined in 'libglew32.lib(glew.obj)' is imported by 'Model3D.obj'
LINK : warning LNK4286: symbol '__glewGenerateMipmap' defined in 'libglew32.lib(glew.obj)' is imported by 'Model3D.obj'
LINK : warning LNK4286: symbol '__glewDeleteVertexArrays' defined in 'libglew32.lib(glew.obj)' is imported by 'Model3D.obj'
LINK : warning LNK4286: symbol 'glewInit' defined in 'libglew32.lib(glew.obj)' is imported by 'Window.obj'
LINK : warning LNK4286: symbol 'glewExperimental' defined in 'libglew32.lib(glew.obj)' is imported by 'Window.obj'
  Lab09.vcxproj -> D:\VSProj\Lab09\x64\Release\Lab09.exe
